connectivity/AlertSystemApp/app/build/intermediates/manifest_merge_blame_file/debug/manifest-merger-blame-debug-report.txt
1<?xml version="1.0" encoding="utf-8"?>
2<manifest xmlns:android="http://schemas.android.com/apk/res/android"
3    package="com.alertsystem"
4    android:versionCode="1"
5    android:versionName="1.0" >
6
7    <uses-sdk
8        android:minSdkVersion="26"
9        android:targetSdkVersion="34" />
10
11    <!-- Permissions -->
12    <uses-permission android:name="android.permission.INTERNET" />
12-->src/main/AndroidManifest.xml:6:5-67
12-->src/main/AndroidManifest.xml:6:22-64
13    <uses-permission android:name="android.permission.VIBRATE" />
13-->src/main/AndroidManifest.xml:7:5-66
13-->src/main/AndroidManifest.xml:7:22-63
14    <uses-permission android:name="android.permission.FOREGROUND_SERVICE" />
14-->src/main/AndroidManifest.xml:8:5-77
14-->src/main/AndroidManifest.xml:8:22-74
15    <uses-permission android:name="android.permission.FOREGROUND_SERVICE_SPECIAL_USE" />
15-->src/main/AndroidManifest.xml:9:5-89
15-->src/main/AndroidManifest.xml:9:22-86
16    <uses-permission android:name="android.permission.POST_NOTIFICATIONS" />
16-->src/main/AndroidManifest.xml:10:5-77
16-->src/main/AndroidManifest.xml:10:22-74
17    <uses-permission android:name="android.permission.WAKE_LOCK" />
17-->src/main/AndroidManifest.xml:11:5-68
17-->src/main/AndroidManifest.xml:11:22-65
18
19    <permission
19-->[androidx.core:core:1.12.0] AndroidManifest.xml:22:5-24:47
20        android:name="com.alertsystem.DYNAMIC_RECEIVER_NOT_EXPORTED_PERMISSION"
20-->[androidx.core:core:1.12.0] AndroidManifest.xml:23:9-81
21        android:protectionLevel="signature" />
21-->[androidx.core:core:1.12.0] AndroidManifest.xml:24:9-44
22
23    <uses-permission android:name="com.alertsystem.DYNAMIC_RECEIVER_NOT_EXPORTED_PERMISSION" />
23-->[androidx.core:core:1.12.0] AndroidManifest.xml:26:5-97
23-->[androidx.core:core:1.12.0] AndroidManifest.xml:26:22-94
24
25    <application
25-->src/main/AndroidManifest.xml:13:5-63:19
26        android:allowBackup="true"
26-->src/main/AndroidManifest.xml:14:9-35
27        android:appComponentFactory="androidx.core.app.CoreComponentFactory"
27-->[androidx.core:core:1.12.0] AndroidManifest.xml:28:18-86
28        android:dataExtractionRules="@xml/data_extraction_rules"
28-->src/main/AndroidManifest.xml:15:9-65
29        android:debuggable="true"
30        android:extractNativeLibs="false"
31        android:fullBackupContent="@xml/backup_rules"
31-->src/main/AndroidManifest.xml:16:9-54
32        android:icon="@mipmap/ic_launcher"
32-->src/main/AndroidManifest.xml:17:9-43
33        android:label="@string/app_name"
33-->src/main/AndroidManifest.xml:18:9-41
34        android:roundIcon="@mipmap/ic_launcher_round"
34-->src/main/AndroidManifest.xml:19:9-54
35        android:supportsRtl="true"
35-->src/main/AndroidManifest.xml:20:9-35
36        android:theme="@style/Theme.AlertSystem"
36-->src/main/AndroidManifest.xml:21:9-49
37        android:usesCleartextTraffic="true" >
37-->src/main/AndroidManifest.xml:22:9-44
38
39        <!-- Main Activity - Role Selection -->
40        <activity
40-->src/main/AndroidManifest.xml:26:9-34:20
41            android:name="com.alertsystem.MainActivity"
41-->src/main/AndroidManifest.xml:27:13-41
42            android:exported="true"
42-->src/main/AndroidManifest.xml:28:13-36
43            android:screenOrientation="portrait" >
43-->src/main/AndroidManifest.xml:29:13-49
44            <intent-filter>
44-->src/main/AndroidManifest.xml:30:13-33:29
45                <action android:name="android.intent.action.MAIN" />
45-->src/main/AndroidManifest.xml:31:17-69
45-->src/main/AndroidManifest.xml:31:25-66
46
47                <category android:name="android.intent.category.LAUNCHER" />
47-->src/main/AndroidManifest.xml:32:17-77
47-->src/main/AndroidManifest.xml:32:27-74
48            </intent-filter>
49        </activity>
50
51        <!-- Worker Activity -->
52        <activity
52-->src/main/AndroidManifest.xml:37:9-40:40
53            android:name="com.alertsystem.WorkerActivity"
53-->src/main/AndroidManifest.xml:38:13-43
54            android:exported="false"
54-->src/main/AndroidManifest.xml:40:13-37
55            android:screenOrientation="portrait" />
55-->src/main/AndroidManifest.xml:39:13-49
56
57        <!-- Siren Activity -->
58        <activity
58-->src/main/AndroidManifest.xml:43:9-46:40
59            android:name="com.alertsystem.SirenActivity"
59-->src/main/AndroidManifest.xml:44:13-42
60            android:exported="false"
60-->src/main/AndroidManifest.xml:46:13-37
61            android:screenOrientation="portrait" />
61-->src/main/AndroidManifest.xml:45:13-49
62
63        <!-- Dashboard Activity -->
64        <activity
64-->src/main/AndroidManifest.xml:49:9-52:40
65            android:name="com.alertsystem.DashboardActivity"
65-->src/main/AndroidManifest.xml:50:13-46
66            android:exported="false"
66-->src/main/AndroidManifest.xml:52:13-37
67            android:screenOrientation="portrait" />
67-->src/main/AndroidManifest.xml:51:13-49
68
69        <!-- Foreground Service -->
70        <service
70-->src/main/AndroidManifest.xml:55:9-62:19
71            android:name="com.alertsystem.services.AlertForegroundService"
71-->src/main/AndroidManifest.xml:56:13-60
72            android:exported="false"
72-->src/main/AndroidManifest.xml:58:13-37
73            android:foregroundServiceType="specialUse" >
73-->src/main/AndroidManifest.xml:57:13-55
74            <property
74-->src/main/AndroidManifest.xml:59:13-61:53
75                android:name="android.app.PROPERTY_SPECIAL_USE_FGS_SUBTYPE"
75-->src/main/AndroidManifest.xml:60:17-76
76                android:value="demo_connectivity" />
76-->src/main/AndroidManifest.xml:61:17-50
77        </service>
78
79        <provider
79-->[androidx.emoji2:emoji2:1.2.0] AndroidManifest.xml:24:9-32:20
80            android:name="androidx.startup.InitializationProvider"
80-->[androidx.emoji2:emoji2:1.2.0] AndroidManifest.xml:25:13-67
81            android:authorities="com.alertsystem.androidx-startup"
81-->[androidx.emoji2:emoji2:1.2.0] AndroidManifest.xml:26:13-68
82            android:exported="false" >
82-->[androidx.emoji2:emoji2:1.2.0] AndroidManifest.xml:27:13-37
83            <meta-data
83-->[androidx.emoji2:emoji2:1.2.0] AndroidManifest.xml:29:13-31:52
84                android:name="androidx.emoji2.text.EmojiCompatInitializer"
84-->[androidx.emoji2:emoji2:1.2.0] AndroidManifest.xml:30:17-75
85                android:value="androidx.startup" />
85-->[androidx.emoji2:emoji2:1.2.0] AndroidManifest.xml:31:17-49
86            <meta-data
86-->[androidx.lifecycle:lifecycle-process:2.7.0] AndroidManifest.xml:29:13-31:52
87                android:name="androidx.lifecycle.ProcessLifecycleInitializer"
87-->[androidx.lifecycle:lifecycle-process:2.7.0] AndroidManifest.xml:30:17-78
88                android:value="androidx.startup" />
88-->[androidx.lifecycle:lifecycle-process:2.7.0] AndroidManifest.xml:31:17-49
89            <meta-data
89-->[androidx.profileinstaller:profileinstaller:1.3.0] AndroidManifest.xml:29:13-31:52
90                android:name="androidx.profileinstaller.ProfileInstallerInitializer"
90-->[androidx.profileinstaller:profileinstaller:1.3.0] AndroidManifest.xml:30:17-85
91                android:value="androidx.startup" />
91-->[androidx.profileinstaller:profileinstaller:1.3.0] AndroidManifest.xml:31:17-49
92        </provider>
93
94        <receiver
94-->[androidx.profileinstaller:profileinstaller:1.3.0] AndroidManifest.xml:34:9-52:20
95            android:name="androidx.profileinstaller.ProfileInstallReceiver"
95-->[androidx.profileinstaller:profileinstaller:1.3.0] AndroidManifest.xml:35:13-76
96            android:directBootAware="false"
96-->[androidx.profileinstaller:profileinstaller:1.3.0] AndroidManifest.xml:36:13-44
97            android:enabled="true"
97-->[androidx.profileinstaller:profileinstaller:1.3.0] AndroidManifest.xml:37:13-35
98            android:exported="true"
98-->[androidx.profileinstaller:profileinstaller:1.3.0] AndroidManifest.xml:38:13-36
99            android:permission="android.permission.DUMP" >
99-->[androidx.profileinstaller:profileinstaller:1.3.0] AndroidManifest.xml:39:13-57
100            <intent-filter>
100-->[androidx.profileinstaller:profileinstaller:1.3.0] AndroidManifest.xml:40:13-42:29
101                <action android:name="androidx.profileinstaller.action.INSTALL_PROFILE" />
101-->[androidx.profileinstaller:profileinstaller:1.3.0] AndroidManifest.xml:41:17-91
101-->[androidx.profileinstaller:profileinstaller:1.3.0] AndroidManifest.xml:41:25-88
102            </intent-filter>
103            <intent-filter>
103-->[androidx.profileinstaller:profileinstaller:1.3.0] AndroidManifest.xml:43:13-45:29
104                <action android:name="androidx.profileinstaller.action.SKIP_FILE" />
104-->[androidx.profileinstaller:profileinstaller:1.3.0] AndroidManifest.xml:44:17-85
104-->[androidx.profileinstaller:profileinstaller:1.3.0] AndroidManifest.xml:44:25-82
105            </intent-filter>
106            <intent-filter>
106-->[androidx.profileinstaller:profileinstaller:1.3.0] AndroidManifest.xml:46:13-48:29
107                <action android:name="androidx.profileinstaller.action.SAVE_PROFILE" />
107-->[androidx.profileinstaller:profileinstaller:1.3.0] AndroidManifest.xml:47:17-88
107-->[androidx.profileinstaller:profileinstaller:1.3.0] AndroidManifest.xml:47:25-85
108            </intent-filter>
109            <intent-filter>
109-->[androidx.profileinstaller:profileinstaller:1.3.0] AndroidManifest.xml:49:13-51:29
110                <action android:name="androidx.profileinstaller.action.BENCHMARK_OPERATION" />
110-->[androidx.profileinstaller:profileinstaller:1.3.0] AndroidManifest.xml:50:17-95
110-->[androidx.profileinstaller:profileinstaller:1.3.0] AndroidManifest.xml:50:25-92
111            </intent-filter>
112        </receiver>
113    </application>
114
115</manifest>